# JRE version: OpenJDK Runtime Environment Temurin-21.0.12.1+1 (21.0.12.1+1) (build 21.0.12.1+1-LTS)
# Java VM: OpenJDK 64-Bit Server VM Temurin-21.0.12.1+1 (21.0.12.1+1-LTS, mixed mode, sharing, tiered, compressed oops, compressed class ptrs, parallel gc, windows-amd64)
GC Precious Log:
 CardTable entry size: 512
 CPUs: 2 total, 2 available
 Memory: 3933M
 Large Page Support: Disabled
 NUMA Support: Disabled
 Compressed Oops: Enabled (32-bit)
 Alignments: Space 512K, Generation 512K, Heap 2M
 Heap Min Capacity: 100M
 Heap Initial Capacity: 100M
 Heap Max Capacity: 2G
 Pre-touch: Disabled
 Parallel Workers: 2
Heap:
 PSYoungGen      total 3072K, used 2783K [0x00000000d5580000, 0x00000000d5b00000, 0x0000000100000000)
  eden space 2048K, 99% used [0x00000000d5580000,0x00000000d577ff88,0x00000000d5780000)
  from space 1024K, 71% used [0x00000000d5780000,0x00000000d5838000,0x00000000d5880000)
  to   space 1536K, 100% used [0x00000000d5980000,0x00000000d5b00000,0x00000000d5b00000)
 ParOldGen       total 102912K, used 102907K [0x0000000080000000, 0x0000000086480000, 0x00000000d5580000)
  object space 102912K, 99% used [0x0000000080000000,0x000000008647efc0,0x0000000086480000)
 Metaspace       used 63705K, committed 65152K, reserved 1114112K
  class space    used 6434K, committed 7168K, reserved 1048576K
GC Heap History (20 events):
Event: 1458.189 GC heap before
{Heap before GC invocations=15853 (full 20):
 PSYoungGen      total 4608K, used 4577K [0x00000000d5580000, 0x00000000d5e80000, 0x0000000100000000)
  eden space 3072K, 99% used [0x00000000d5580000,0x00000000d58787f8,0x00000000d5880000)
  from space 1536K, 100% used [0x00000000d5880000,0x00000000d5a00000,0x00000000d5a00000)
  to   space 3072K, 0% used [0x00000000d5b80000,0x00000000d5b80000,0x00000000d5e80000)
 ParOldGen       total 90624K, used 90124K [0x0000000080000000, 0x0000000085880000, 0x00000000d5580000)
  object space 90624K, 99% used [0x0000000080000000,0x0000000085803038,0x0000000085880000)
 Metaspace       used 63705K, committed 65152K, reserved 1114112K
  class space    used 6434K, committed 7168K, reserved 1048576K
}
Event: 1458.196 GC heap after
{Heap after GC invocations=15853 (full 20):
 PSYoungGen      total 5120K, used 1577K [0x00000000d5580000, 0x00000000d5d80000, 0x0000000100000000)
  eden space 3072K, 0% used [0x00000000d5580000,0x00000000d5580000,0x00000000d5880000)
  from space 2048K, 77% used [0x00000000d5b80000,0x00000000d5d0a7d0,0x00000000d5d80000)
  to   space 2048K, 0% used [0x00000000d5980000,0x00000000d5980000,0x00000000d5b80000)
 ParOldGen       total 91648K, used 91628K [0x0000000080000000, 0x0000000085980000, 0x00000000d5580000)
  object space 91648K, 99% used [0x0000000080000000,0x000000008597b038,0x0000000085980000)
 Metaspace       used 63705K, committed 65152K, reserved 1114112K
  class space    used 6434K, committed 7168K, reserved 1048576K
}
Event: 1458.230 GC heap before
{Heap before GC invocations=15854 (full 20):
 PSYoungGen      total 5120K, used 4649K [0x00000000d5580000, 0x00000000d5d80000, 0x0000000100000000)
  eden space 3072K, 100% used [0x00000000d5580000,0x00000000d5880000,0x00000000d5880000)
  from space 2048K, 77% used [0x00000000d5b80000,0x00000000d5d0a7d0,0x00000000d5d80000)
  to   space 2048K, 0% used [0x00000000d5980000,0x00000000d5980000,0x00000000d5b80000)
 ParOldGen       total 91648K, used 91628K [0x0000000080000000, 0x0000000085980000, 0x00000000d5580000)
  object space 91648K, 99% used [0x0000000080000000,0x000000008597b038,0x0000000085980000)
 Metaspace       used 63705K, committed 65152K, reserved 1114112K
  class space    used 6434K, committed 7168K, reserved 1048576K
}
Event: 1458.235 GC heap after
{Heap after GC invocations=15854 (full 20):
 PSYoungGen      total 5120K, used 1718K [0x00000000d5580000, 0x00000000d5c80000, 0x0000000100000000)
  eden space 3072K, 0% used [0x00000000d5580000,0x00000000d5580000,0x00000000d5880000)
  from space 2048K, 83% used [0x00000000d5980000,0x00000000d5b2d940,0x00000000d5b80000)
  to   space 1024K, 0% used [0x00000000d5b80000,0x00000000d5b80000,0x00000000d5c80000)
 ParOldGen       total 93696K, used 93206K [0x0000000080000000, 0x0000000085b80000, 0x00000000d5580000)
  object space 93696K, 99% used [0x0000000080000000,0x0000000085b05818,0x0000000085b80000)
 Metaspace       used 63705K, committed 65152K, reserved 1114112K
  class space    used 6434K, committed 7168K, reserved 1048576K
}
Event: 1458.264 GC heap before
{Heap before GC invocations=15855 (full 20):
 PSYoungGen      total 5120K, used 4790K [0x00000000d5580000, 0x00000000d5c80000, 0x0000000100000000)
  eden space 3072K, 100% used [0x00000000d5580000,0x00000000d5880000,0x00000000d5880000)
  from space 2048K, 83% used [0x00000000d5980000,0x00000000d5b2d940,0x00000000d5b80000)
  to   space 1024K, 0% used [0x00000000d5b80000,0x00000000d5b80000,0x00000000d5c80000)
 ParOldGen       total 93696K, used 93206K [0x0000000080000000, 0x0000000085b80000, 0x00000000d5580000)
  object space 93696K, 99% used [0x0000000080000000,0x0000000085b05818,0x0000000085b80000)
 Metaspace       used 63705K, committed 65152K, reserved 1114112K
  class space    used 6434K, committed 7168K, reserved 1048576K
}
Event: 1458.268 GC heap after
{Heap after GC invocations=15855 (full 20):
 PSYoungGen      total 3584K, used 1024K [0x00000000d5580000, 0x00000000d5f80000, 0x0000000100000000)
  eden space 2560K, 0% used [0x00000000d5580000,0x00000000d5580000,0x00000000d5800000)
  from space 1024K, 100% used [0x00000000d5b80000,0x00000000d5c80000,0x00000000d5c80000)
  to   space 3584K, 0% used [0x00000000d5800000,0x00000000d5800000,0x00000000d5b80000)
 ParOldGen       total 95744K, used 95321K [0x0000000080000000, 0x0000000085d80000, 0x00000000d5580000)
  object space 95744K, 99% used [0x0000000080000000,0x0000000085d16558,0x0000000085d80000)
 Metaspace       used 63705K, committed 65152K, reserved 1114112K
  class space    used 6434K, committed 7168K, reserved 1048576K
}
Event: 1458.352 GC heap before
{Heap before GC invocations=15856 (full 20):
 PSYoungGen      total 3584K, used 3573K [0x00000000d5580000, 0x00000000d5f80000, 0x0000000100000000)
  eden space 2560K, 99% used [0x00000000d5580000,0x00000000d57fd6c0,0x00000000d5800000)
  from space 1024K, 100% used [0x00000000d5b80000,0x00000000d5c80000,0x00000000d5c80000)
  to   space 3584K, 0% used [0x00000000d5800000,0x00000000d5800000,0x00000000d5b80000)
 ParOldGen       total 95744K, used 95321K [0x0000000080000000, 0x0000000085d80000, 0x00000000d5580000)
  object space 95744K, 99% used [0x0000000080000000,0x0000000085d16558,0x0000000085d80000)
 Metaspace       used 63705K, committed 65152K, reserved 1114112K
  class space    used 6434K, committed 7168K, reserved 1048576K
}
Event: 1458.355 GC heap after
{Heap after GC invocations=15856 (full 20):
 PSYoungGen      total 3584K, used 798K [0x00000000d5580000, 0x00000000d5c00000, 0x0000000100000000)
  eden space 2560K, 0% used [0x00000000d5580000,0x00000000d5580000,0x00000000d5800000)
  from space 1024K, 78% used [0x00000000d5800000,0x00000000d58c7be0,0x00000000d5900000)
  to   space 2048K, 0% used [0x00000000d5a00000,0x00000000d5a00000,0x00000000d5c00000)
 ParOldGen       total 96768K, used 96313K [0x0000000080000000, 0x0000000085e80000, 0x00000000d5580000)
  object space 96768K, 99% used [0x0000000080000000,0x0000000085e0e558,0x0000000085e80000)
 Metaspace       used 63705K, committed 65152K, reserved 1114112K
  class space    used 6434K, committed 7168K, reserved 1048576K
}
Event: 1458.396 GC heap before
{Heap before GC invocations=15857 (full 20):
 PSYoungGen      total 3584K, used 3358K [0x00000000d5580000, 0x00000000d5c00000, 0x0000000100000000)
  eden space 2560K, 99% used [0x00000000d5580000,0x00000000d57ffd20,0x00000000d5800000)
  from space 1024K, 78% used [0x00000000d5800000,0x00000000d58c7be0,0x00000000d5900000)
  to   space 2048K, 0% used [0x00000000d5a00000,0x00000000d5a00000,0x00000000d5c00000)
 ParOldGen       total 96768K, used 96313K [0x0000000080000000, 0x0000000085e80000, 0x00000000d5580000)
  object space 96768K, 99% used [0x0000000080000000,0x0000000085e0e558,0x0000000085e80000)
 Metaspace       used 63705K, committed 65152K, reserved 1114112K
  class space    used 6434K, committed 7168K, reserved 1048576K
}
Event: 1458.398 GC heap after
{Heap after GC invocations=15857 (full 20):
 PSYoungGen      total 3072K, used 160K [0x00000000d5580000, 0x00000000d5a80000, 0x0000000100000000)
  eden space 2560K, 0% used [0x00000000d5580000,0x00000000d5580000,0x00000000d5800000)
  from space 512K, 31% used [0x00000000d5a00000,0x00000000d5a28000,0x00000000d5a80000)
  to   space 1024K, 0% used [0x00000000d5880000,0x00000000d5880000,0x00000000d5980000)
 ParOldGen       total 97280K, used 97072K [0x0000000080000000, 0x0000000085f00000, 0x00000000d5580000)
  object space 97280K, 99% used [0x0000000080000000,0x0000000085ecc138,0x0000000085f00000)
 Metaspace       used 63705K, committed 65152K, reserved 1114112K
  class space    used 6434K, committed 7168K, reserved 1048576K
}
Event: 1458.422 GC heap before
{Heap before GC invocations=15858 (full 20):
 PSYoungGen      total 3072K, used 2720K [0x00000000d5580000, 0x00000000d5a80000, 0x0000000100000000)
  eden space 2560K, 100% used [0x00000000d5580000,0x00000000d5800000,0x00000000d5800000)
  from space 512K, 31% used [0x00000000d5a00000,0x00000000d5a28000,0x00000000d5a80000)
  to   space 1024K, 0% used [0x00000000d5880000,0x00000000d5880000,0x00000000d5980000)
 ParOldGen       total 97280K, used 97072K [0x0000000080000000, 0x0000000085f00000, 0x00000000d5580000)
  object space 97280K, 99% used [0x0000000080000000,0x0000000085ecc138,0x0000000085f00000)
 Metaspace       used 63705K, committed 65152K, reserved 1114112K
  class space    used 6434K, committed 7168K, reserved 1048576K
}
Event: 1458.425 GC heap after
{Heap after GC invocations=15858 (full 20):
 PSYoungGen      total 3584K, used 1014K [0x00000000d5580000, 0x00000000d5d00000, 0x0000000100000000)
  eden space 2560K, 0% used [0x00000000d5580000,0x00000000d5580000,0x00000000d5800000)
  from space 1024K, 99% used [0x00000000d5880000,0x00000000d597d940,0x00000000d5980000)
  to   space 2560K, 0% used [0x00000000d5a80000,0x00000000d5a80000,0x00000000d5d00000)
 ParOldGen       total 98304K, used 98024K [0x0000000080000000, 0x0000000086000000, 0x00000000d5580000)
  object space 98304K, 99% used [0x0000000080000000,0x0000000085fba148,0x0000000086000000)
 Metaspace       used 63705K, committed 65152K, reserved 1114112K
  class space    used 6434K, committed 7168K, reserved 1048576K
}
Event: 1458.470 GC heap before
{Heap before GC invocations=15859 (full 20):
 PSYoungGen      total 3584K, used 3574K [0x00000000d5580000, 0x00000000d5d00000, 0x0000000100000000)
  eden space 2560K, 100% used [0x00000000d5580000,0x00000000d5800000,0x00000000d5800000)
  from space 1024K, 99% used [0x00000000d5880000,0x00000000d597d940,0x00000000d5980000)
  to   space 2560K, 0% used [0x00000000d5a80000,0x00000000d5a80000,0x00000000d5d00000)
 ParOldGen       total 98304K, used 98024K [0x0000000080000000, 0x0000000086000000, 0x00000000d5580000)
  object space 98304K, 99% used [0x0000000080000000,0x0000000085fba148,0x0000000086000000)
 Metaspace       used 63705K, committed 65152K, reserved 1114112K
  class space    used 6434K, committed 7168K, reserved 1048576K
}
Event: 1458.474 GC heap after
{Heap after GC invocations=15859 (full 20):
 PSYoungGen      total 4096K, used 1088K [0x00000000d5580000, 0x00000000d5c00000, 0x0000000100000000)
  eden space 2560K, 0% used [0x00000000d5580000,0x00000000d5580000,0x00000000d5800000)
  from space 1536K, 70% used [0x00000000d5a80000,0x00000000d5b90000,0x00000000d5c00000)
  to   space 1536K, 0% used [0x00000000d5900000,0x00000000d5900000,0x00000000d5a80000)
 ParOldGen       total 99328K, used 99022K [0x0000000080000000, 0x0000000086100000, 0x00000000d5580000)
  object space 99328K, 99% used [0x0000000080000000,0x00000000860b3a88,0x0000000086100000)
 Metaspace       used 63705K, committed 65152K, reserved 1114112K
  class space    used 6434K, committed 7168K, reserved 1048576K
}
Event: 1458.545 GC heap before
{Heap before GC invocations=15860 (full 20):
 PSYoungGen      total 4096K, used 3647K [0x00000000d5580000, 0x00000000d5c00000, 0x0000000100000000)
  eden space 2560K, 99% used [0x00000000d5580000,0x00000000d57fffe8,0x00000000d5800000)
  from space 1536K, 70% used [0x00000000d5a80000,0x00000000d5b90000,0x00000000d5c00000)
  to   space 1536K, 0% used [0x00000000d5900000,0x00000000d5900000,0x00000000d5a80000)
 ParOldGen       total 99328K, used 99022K [0x0000000080000000, 0x0000000086100000, 0x00000000d5580000)
  object space 99328K, 99% used [0x0000000080000000,0x00000000860b3a88,0x0000000086100000)
 Metaspace       used 63705K, committed 65152K, reserved 1114112K
  class space    used 6434K, committed 7168K, reserved 1048576K
}
Event: 1458.550 GC heap after
{Heap after GC invocations=15860 (full 20):
 PSYoungGen      total 4096K, used 1161K [0x00000000d5580000, 0x00000000d5b00000, 0x0000000100000000)
  eden space 2560K, 0% used [0x00000000d5580000,0x00000000d5580000,0x00000000d5800000)
  from space 1536K, 75% used [0x00000000d5900000,0x00000000d5a227e0,0x00000000d5a80000)
  to   space 512K, 0% used [0x00000000d5a80000,0x00000000d5a80000,0x00000000d5b00000)
 ParOldGen       total 100352K, used 100022K [0x0000000080000000, 0x0000000086200000, 0x00000000d5580000)
  object space 100352K, 99% used [0x0000000080000000,0x00000000861ada88,0x0000000086200000)
 Metaspace       used 63705K, committed 65152K, reserved 1114112K
  class space    used 6434K, committed 7168K, reserved 1048576K
}
Event: 1458.575 GC heap before
{Heap before GC invocations=15861 (full 20):
 PSYoungGen      total 4096K, used 3721K [0x00000000d5580000, 0x00000000d5b00000, 0x0000000100000000)
  eden space 2560K, 100% used [0x00000000d5580000,0x00000000d5800000,0x00000000d5800000)
  from space 1536K, 75% used [0x00000000d5900000,0x00000000d5a227e0,0x00000000d5a80000)
  to   space 512K, 0% used [0x00000000d5a80000,0x00000000d5a80000,0x00000000d5b00000)
 ParOldGen       total 100352K, used 100022K [0x0000000080000000, 0x0000000086200000, 0x00000000d5580000)
  object space 100352K, 99% used [0x0000000080000000,0x00000000861ada88,0x0000000086200000)
 Metaspace       used 63705K, committed 65152K, reserved 1114112K
  class space    used 6434K, committed 7168K, reserved 1048576K
}
Event: 1458.586 GC heap after
{Heap after GC invocations=15861 (full 20):
 PSYoungGen      total 2560K, used 502K [0x00000000d5580000, 0x00000000d5e00000, 0x0000000100000000)
  eden space 2048K, 0% used [0x00000000d5580000,0x00000000d5580000,0x00000000d5780000)
  from space 512K, 98% used [0x00000000d5a80000,0x00000000d5afd940,0x00000000d5b00000)
  to   space 3072K, 0% used [0x00000000d5780000,0x00000000d5780000,0x00000000d5a80000)
 ParOldGen       total 102400K, used 101925K [0x0000000080000000, 0x0000000086400000, 0x00000000d5580000)
  object space 102400K, 99% used [0x0000000080000000,0x0000000086389680,0x0000000086400000)
 Metaspace       used 63705K, committed 65152K, reserved 1114112K
  class space    used 6434K, committed 7168K, reserved 1048576K
}
Event: 1458.844 GC heap before
{Heap before GC invocations=15862 (full 20):
 PSYoungGen      total 2560K, used 2550K [0x00000000d5580000, 0x00000000d5e00000, 0x0000000100000000)
  eden space 2048K, 99% used [0x00000000d5580000,0x00000000d577fff0,0x00000000d5780000)
  from space 512K, 98% used [0x00000000d5a80000,0x00000000d5afd940,0x00000000d5b00000)
  to   space 3072K, 0% used [0x00000000d5780000,0x00000000d5780000,0x00000000d5a80000)
 ParOldGen       total 102400K, used 101925K [0x0000000080000000, 0x0000000086400000, 0x00000000d5580000)
  object space 102400K, 99% used [0x0000000080000000,0x0000000086389680,0x0000000086400000)
 Metaspace       used 63705K, committed 65152K, reserved 1114112K
  class space    used 6434K, committed 7168K, reserved 1048576K
}
Event: 1458.846 GC heap after
{Heap after GC invocations=15862 (full 20):
 PSYoungGen      total 3072K, used 736K [0x00000000d5580000, 0x00000000d5b00000, 0x0000000100000000)
  eden space 2048K, 0% used [0x00000000d5580000,0x00000000d5580000,0x00000000d5780000)
  from space 1024K, 71% used [0x00000000d5780000,0x00000000d5838000,0x00000000d5880000)
  to   space 1536K, 0% used [0x00000000d5980000,0x00000000d5980000,0x00000000d5b00000)
 ParOldGen       total 102400K, used 102379K [0x0000000080000000, 0x0000000086400000, 0x00000000d5580000)
  object space 102400K, 99% used [0x0000000080000000,0x00000000863fafc0,0x0000000086400000)
 Metaspace       used 63705K, committed 65152K, reserved 1114112K
  class space    used 6434K, committed 7168K, reserved 1048576K
}

